INFO [2021-07-09 09:37:46] [[1]]
INFO [2021-07-09 09:37:46] venn_list
INFO [2021-07-09 09:37:46] 
INFO [2021-07-09 09:37:46] $fill
INFO [2021-07-09 09:37:46] c("red", "green")
INFO [2021-07-09 09:37:46] 
INFO [2021-07-09 09:37:46] $alpha
INFO [2021-07-09 09:37:46] [1] 0.5
INFO [2021-07-09 09:37:46] 
INFO [2021-07-09 09:37:46] $imagetype
INFO [2021-07-09 09:37:46] [1] "png"
INFO [2021-07-09 09:37:46] 
INFO [2021-07-09 09:37:46] $cex
INFO [2021-07-09 09:37:46] [1] 1
INFO [2021-07-09 09:37:46] 
INFO [2021-07-09 09:37:46] $cat.fontface
INFO [2021-07-09 09:37:46] [1] 4
INFO [2021-07-09 09:37:46] 
INFO [2021-07-09 09:37:46] $filename
INFO [2021-07-09 09:37:46] K
INFO [2021-07-09 09:37:46] 
