INFO [2021-07-09 16:00:38] [[1]]
INFO [2021-07-09 16:00:38] venn_list
INFO [2021-07-09 16:00:38] 
INFO [2021-07-09 16:00:38] $fill
INFO [2021-07-09 16:00:38] c("red", "green")
INFO [2021-07-09 16:00:38] 
INFO [2021-07-09 16:00:38] $alpha
INFO [2021-07-09 16:00:38] [1] 0.5
INFO [2021-07-09 16:00:38] 
INFO [2021-07-09 16:00:38] $imagetype
INFO [2021-07-09 16:00:38] [1] "png"
INFO [2021-07-09 16:00:38] 
INFO [2021-07-09 16:00:38] $cex
INFO [2021-07-09 16:00:38] [1] 1
INFO [2021-07-09 16:00:38] 
INFO [2021-07-09 16:00:38] $cat.fontface
INFO [2021-07-09 16:00:38] [1] 4
INFO [2021-07-09 16:00:38] 
INFO [2021-07-09 16:00:38] $filename
INFO [2021-07-09 16:00:38] K
INFO [2021-07-09 16:00:38] 
