INFO [2021-07-09 15:24:08] [[1]]
INFO [2021-07-09 15:24:08] venn_list
INFO [2021-07-09 15:24:08] 
INFO [2021-07-09 15:24:08] $fill
INFO [2021-07-09 15:24:08] c("red", "green")
INFO [2021-07-09 15:24:08] 
INFO [2021-07-09 15:24:08] $alpha
INFO [2021-07-09 15:24:08] [1] 0.5
INFO [2021-07-09 15:24:08] 
INFO [2021-07-09 15:24:08] $imagetype
INFO [2021-07-09 15:24:08] [1] "png"
INFO [2021-07-09 15:24:08] 
INFO [2021-07-09 15:24:08] $cex
INFO [2021-07-09 15:24:08] [1] 1
INFO [2021-07-09 15:24:08] 
INFO [2021-07-09 15:24:08] $cat.fontface
INFO [2021-07-09 15:24:08] [1] 4
INFO [2021-07-09 15:24:08] 
INFO [2021-07-09 15:24:08] $filename
INFO [2021-07-09 15:24:08] K
INFO [2021-07-09 15:24:08] 
