INFO [2021-07-09 09:00:11] [[1]]
INFO [2021-07-09 09:00:11] venn_list
INFO [2021-07-09 09:00:11] 
INFO [2021-07-09 09:00:11] $fill
INFO [2021-07-09 09:00:11] c("red", "green")
INFO [2021-07-09 09:00:11] 
INFO [2021-07-09 09:00:11] $alpha
INFO [2021-07-09 09:00:11] [1] 0.5
INFO [2021-07-09 09:00:11] 
INFO [2021-07-09 09:00:11] $imagetype
INFO [2021-07-09 09:00:11] [1] "png"
INFO [2021-07-09 09:00:11] 
INFO [2021-07-09 09:00:11] $cex
INFO [2021-07-09 09:00:11] [1] 1
INFO [2021-07-09 09:00:11] 
INFO [2021-07-09 09:00:11] $cat.fontface
INFO [2021-07-09 09:00:11] [1] 4
INFO [2021-07-09 09:00:11] 
INFO [2021-07-09 09:00:11] $filename
INFO [2021-07-09 09:00:11] K
INFO [2021-07-09 09:00:11] 
