INFO [2021-07-09 07:03:10] [[1]]
INFO [2021-07-09 07:03:10] venn_list
INFO [2021-07-09 07:03:10] 
INFO [2021-07-09 07:03:10] $fill
INFO [2021-07-09 07:03:10] c("red", "green")
INFO [2021-07-09 07:03:10] 
INFO [2021-07-09 07:03:10] $alpha
INFO [2021-07-09 07:03:10] [1] 0.5
INFO [2021-07-09 07:03:10] 
INFO [2021-07-09 07:03:10] $imagetype
INFO [2021-07-09 07:03:10] [1] "png"
INFO [2021-07-09 07:03:10] 
INFO [2021-07-09 07:03:10] $cex
INFO [2021-07-09 07:03:10] [1] 1
INFO [2021-07-09 07:03:10] 
INFO [2021-07-09 07:03:10] $cat.fontface
INFO [2021-07-09 07:03:10] [1] 4
INFO [2021-07-09 07:03:10] 
INFO [2021-07-09 07:03:10] $filename
INFO [2021-07-09 07:03:10] K
INFO [2021-07-09 07:03:10] 
