INFO [2021-07-09 08:22:04] [[1]]
INFO [2021-07-09 08:22:04] venn_list
INFO [2021-07-09 08:22:04] 
INFO [2021-07-09 08:22:04] $fill
INFO [2021-07-09 08:22:04] c("red", "green")
INFO [2021-07-09 08:22:04] 
INFO [2021-07-09 08:22:04] $alpha
INFO [2021-07-09 08:22:04] [1] 0.5
INFO [2021-07-09 08:22:04] 
INFO [2021-07-09 08:22:04] $imagetype
INFO [2021-07-09 08:22:04] [1] "png"
INFO [2021-07-09 08:22:04] 
INFO [2021-07-09 08:22:04] $cex
INFO [2021-07-09 08:22:04] [1] 1
INFO [2021-07-09 08:22:04] 
INFO [2021-07-09 08:22:04] $cat.fontface
INFO [2021-07-09 08:22:04] [1] 4
INFO [2021-07-09 08:22:04] 
INFO [2021-07-09 08:22:04] $filename
INFO [2021-07-09 08:22:04] K
INFO [2021-07-09 08:22:04] 
