INFO [2021-07-09 15:36:53] [[1]]
INFO [2021-07-09 15:36:53] venn_list
INFO [2021-07-09 15:36:53] 
INFO [2021-07-09 15:36:53] $fill
INFO [2021-07-09 15:36:53] c("red", "green")
INFO [2021-07-09 15:36:53] 
INFO [2021-07-09 15:36:53] $alpha
INFO [2021-07-09 15:36:53] [1] 0.5
INFO [2021-07-09 15:36:53] 
INFO [2021-07-09 15:36:53] $imagetype
INFO [2021-07-09 15:36:53] [1] "png"
INFO [2021-07-09 15:36:53] 
INFO [2021-07-09 15:36:53] $cex
INFO [2021-07-09 15:36:53] [1] 1
INFO [2021-07-09 15:36:53] 
INFO [2021-07-09 15:36:53] $cat.fontface
INFO [2021-07-09 15:36:53] [1] 4
INFO [2021-07-09 15:36:53] 
INFO [2021-07-09 15:36:53] $filename
INFO [2021-07-09 15:36:53] K
INFO [2021-07-09 15:36:53] 
