INFO [2021-07-09 13:58:19] [[1]]
INFO [2021-07-09 13:58:19] venn_list
INFO [2021-07-09 13:58:19] 
INFO [2021-07-09 13:58:19] $fill
INFO [2021-07-09 13:58:19] c("red", "green")
INFO [2021-07-09 13:58:19] 
INFO [2021-07-09 13:58:19] $alpha
INFO [2021-07-09 13:58:19] [1] 0.5
INFO [2021-07-09 13:58:19] 
INFO [2021-07-09 13:58:19] $imagetype
INFO [2021-07-09 13:58:19] [1] "png"
INFO [2021-07-09 13:58:19] 
INFO [2021-07-09 13:58:19] $cex
INFO [2021-07-09 13:58:19] [1] 1
INFO [2021-07-09 13:58:19] 
INFO [2021-07-09 13:58:19] $cat.fontface
INFO [2021-07-09 13:58:19] [1] 4
INFO [2021-07-09 13:58:19] 
INFO [2021-07-09 13:58:19] $filename
INFO [2021-07-09 13:58:19] K
INFO [2021-07-09 13:58:19] 
