INFO [2021-07-09 09:42:35] [[1]]
INFO [2021-07-09 09:42:35] venn_list
INFO [2021-07-09 09:42:35] 
INFO [2021-07-09 09:42:35] $fill
INFO [2021-07-09 09:42:35] c("red", "green")
INFO [2021-07-09 09:42:35] 
INFO [2021-07-09 09:42:35] $alpha
INFO [2021-07-09 09:42:35] [1] 0.5
INFO [2021-07-09 09:42:35] 
INFO [2021-07-09 09:42:35] $imagetype
INFO [2021-07-09 09:42:35] [1] "png"
INFO [2021-07-09 09:42:35] 
INFO [2021-07-09 09:42:35] $cex
INFO [2021-07-09 09:42:35] [1] 1
INFO [2021-07-09 09:42:35] 
INFO [2021-07-09 09:42:35] $cat.fontface
INFO [2021-07-09 09:42:35] [1] 4
INFO [2021-07-09 09:42:35] 
INFO [2021-07-09 09:42:35] $filename
INFO [2021-07-09 09:42:35] K
INFO [2021-07-09 09:42:35] 
