INFO [2021-07-09 14:04:28] [[1]]
INFO [2021-07-09 14:04:28] venn_list
INFO [2021-07-09 14:04:28] 
INFO [2021-07-09 14:04:28] $fill
INFO [2021-07-09 14:04:28] c("red", "green")
INFO [2021-07-09 14:04:28] 
INFO [2021-07-09 14:04:28] $alpha
INFO [2021-07-09 14:04:28] [1] 0.5
INFO [2021-07-09 14:04:28] 
INFO [2021-07-09 14:04:28] $imagetype
INFO [2021-07-09 14:04:28] [1] "png"
INFO [2021-07-09 14:04:28] 
INFO [2021-07-09 14:04:28] $cex
INFO [2021-07-09 14:04:28] [1] 1
INFO [2021-07-09 14:04:28] 
INFO [2021-07-09 14:04:28] $cat.fontface
INFO [2021-07-09 14:04:28] [1] 4
INFO [2021-07-09 14:04:28] 
INFO [2021-07-09 14:04:28] $filename
INFO [2021-07-09 14:04:28] K
INFO [2021-07-09 14:04:28] 
