INFO [2021-07-10 02:47:48] [[1]]
INFO [2021-07-10 02:47:48] venn_list
INFO [2021-07-10 02:47:48] 
INFO [2021-07-10 02:47:48] $fill
INFO [2021-07-10 02:47:48] c("red", "green")
INFO [2021-07-10 02:47:48] 
INFO [2021-07-10 02:47:48] $alpha
INFO [2021-07-10 02:47:48] [1] 0.5
INFO [2021-07-10 02:47:48] 
INFO [2021-07-10 02:47:48] $imagetype
INFO [2021-07-10 02:47:48] [1] "png"
INFO [2021-07-10 02:47:48] 
INFO [2021-07-10 02:47:48] $cex
INFO [2021-07-10 02:47:48] [1] 1
INFO [2021-07-10 02:47:48] 
INFO [2021-07-10 02:47:48] $cat.fontface
INFO [2021-07-10 02:47:48] [1] 4
INFO [2021-07-10 02:47:48] 
INFO [2021-07-10 02:47:48] $filename
INFO [2021-07-10 02:47:48] K
INFO [2021-07-10 02:47:48] 
