INFO [2021-07-10 02:59:25] [[1]]
INFO [2021-07-10 02:59:25] venn_list
INFO [2021-07-10 02:59:25] 
INFO [2021-07-10 02:59:25] $fill
INFO [2021-07-10 02:59:25] c("red", "green")
INFO [2021-07-10 02:59:25] 
INFO [2021-07-10 02:59:25] $alpha
INFO [2021-07-10 02:59:25] [1] 0.5
INFO [2021-07-10 02:59:25] 
INFO [2021-07-10 02:59:25] $imagetype
INFO [2021-07-10 02:59:25] [1] "png"
INFO [2021-07-10 02:59:25] 
INFO [2021-07-10 02:59:25] $cex
INFO [2021-07-10 02:59:25] [1] 1
INFO [2021-07-10 02:59:25] 
INFO [2021-07-10 02:59:25] $cat.fontface
INFO [2021-07-10 02:59:25] [1] 4
INFO [2021-07-10 02:59:25] 
INFO [2021-07-10 02:59:25] $filename
INFO [2021-07-10 02:59:25] K
INFO [2021-07-10 02:59:25] 
