INFO [2021-07-09 08:22:23] [[1]]
INFO [2021-07-09 08:22:23] venn_list
INFO [2021-07-09 08:22:23] 
INFO [2021-07-09 08:22:23] $fill
INFO [2021-07-09 08:22:23] c("red", "green")
INFO [2021-07-09 08:22:23] 
INFO [2021-07-09 08:22:23] $alpha
INFO [2021-07-09 08:22:23] [1] 0.5
INFO [2021-07-09 08:22:23] 
INFO [2021-07-09 08:22:23] $imagetype
INFO [2021-07-09 08:22:23] [1] "png"
INFO [2021-07-09 08:22:23] 
INFO [2021-07-09 08:22:23] $cex
INFO [2021-07-09 08:22:23] [1] 1
INFO [2021-07-09 08:22:23] 
INFO [2021-07-09 08:22:23] $cat.fontface
INFO [2021-07-09 08:22:23] [1] 4
INFO [2021-07-09 08:22:23] 
INFO [2021-07-09 08:22:23] $filename
INFO [2021-07-09 08:22:23] K
INFO [2021-07-09 08:22:23] 
