INFO [2021-07-09 14:35:06] [[1]]
INFO [2021-07-09 14:35:06] venn_list
INFO [2021-07-09 14:35:06] 
INFO [2021-07-09 14:35:06] $fill
INFO [2021-07-09 14:35:06] c("red", "green")
INFO [2021-07-09 14:35:06] 
INFO [2021-07-09 14:35:06] $alpha
INFO [2021-07-09 14:35:06] [1] 0.5
INFO [2021-07-09 14:35:06] 
INFO [2021-07-09 14:35:06] $imagetype
INFO [2021-07-09 14:35:06] [1] "png"
INFO [2021-07-09 14:35:06] 
INFO [2021-07-09 14:35:06] $cex
INFO [2021-07-09 14:35:06] [1] 1
INFO [2021-07-09 14:35:06] 
INFO [2021-07-09 14:35:06] $cat.fontface
INFO [2021-07-09 14:35:06] [1] 4
INFO [2021-07-09 14:35:06] 
INFO [2021-07-09 14:35:06] $filename
INFO [2021-07-09 14:35:06] K
INFO [2021-07-09 14:35:06] 
