INFO [2021-07-09 13:51:09] [[1]]
INFO [2021-07-09 13:51:09] venn_list
INFO [2021-07-09 13:51:09] 
INFO [2021-07-09 13:51:09] $fill
INFO [2021-07-09 13:51:09] c("red", "green")
INFO [2021-07-09 13:51:09] 
INFO [2021-07-09 13:51:09] $alpha
INFO [2021-07-09 13:51:09] [1] 0.5
INFO [2021-07-09 13:51:09] 
INFO [2021-07-09 13:51:09] $imagetype
INFO [2021-07-09 13:51:09] [1] "png"
INFO [2021-07-09 13:51:09] 
INFO [2021-07-09 13:51:09] $cex
INFO [2021-07-09 13:51:09] [1] 1
INFO [2021-07-09 13:51:09] 
INFO [2021-07-09 13:51:09] $cat.fontface
INFO [2021-07-09 13:51:09] [1] 4
INFO [2021-07-09 13:51:09] 
INFO [2021-07-09 13:51:09] $filename
INFO [2021-07-09 13:51:09] K
INFO [2021-07-09 13:51:09] 
