INFO [2021-07-09 15:52:24] [[1]]
INFO [2021-07-09 15:52:24] venn_list
INFO [2021-07-09 15:52:24] 
INFO [2021-07-09 15:52:24] $fill
INFO [2021-07-09 15:52:24] c("red", "green")
INFO [2021-07-09 15:52:24] 
INFO [2021-07-09 15:52:24] $alpha
INFO [2021-07-09 15:52:24] [1] 0.5
INFO [2021-07-09 15:52:24] 
INFO [2021-07-09 15:52:24] $imagetype
INFO [2021-07-09 15:52:24] [1] "png"
INFO [2021-07-09 15:52:24] 
INFO [2021-07-09 15:52:24] $cex
INFO [2021-07-09 15:52:24] [1] 1
INFO [2021-07-09 15:52:24] 
INFO [2021-07-09 15:52:24] $cat.fontface
INFO [2021-07-09 15:52:24] [1] 4
INFO [2021-07-09 15:52:24] 
INFO [2021-07-09 15:52:24] $filename
INFO [2021-07-09 15:52:24] K
INFO [2021-07-09 15:52:24] 
