INFO [2021-07-09 16:29:58] [[1]]
INFO [2021-07-09 16:29:58] venn_list
INFO [2021-07-09 16:29:58] 
INFO [2021-07-09 16:29:58] $fill
INFO [2021-07-09 16:29:58] c("red", "green")
INFO [2021-07-09 16:29:58] 
INFO [2021-07-09 16:29:58] $alpha
INFO [2021-07-09 16:29:58] [1] 0.5
INFO [2021-07-09 16:29:58] 
INFO [2021-07-09 16:29:58] $imagetype
INFO [2021-07-09 16:29:58] [1] "png"
INFO [2021-07-09 16:29:58] 
INFO [2021-07-09 16:29:58] $cex
INFO [2021-07-09 16:29:58] [1] 1
INFO [2021-07-09 16:29:58] 
INFO [2021-07-09 16:29:58] $cat.fontface
INFO [2021-07-09 16:29:58] [1] 4
INFO [2021-07-09 16:29:58] 
INFO [2021-07-09 16:29:58] $filename
INFO [2021-07-09 16:29:58] K
INFO [2021-07-09 16:29:58] 
