INFO [2021-07-09 03:56:02] [[1]]
INFO [2021-07-09 03:56:02] venn_list
INFO [2021-07-09 03:56:02] 
INFO [2021-07-09 03:56:02] $fill
INFO [2021-07-09 03:56:02] c("red", "green")
INFO [2021-07-09 03:56:02] 
INFO [2021-07-09 03:56:02] $alpha
INFO [2021-07-09 03:56:02] [1] 0.5
INFO [2021-07-09 03:56:02] 
INFO [2021-07-09 03:56:02] $imagetype
INFO [2021-07-09 03:56:02] [1] "png"
INFO [2021-07-09 03:56:02] 
INFO [2021-07-09 03:56:02] $cex
INFO [2021-07-09 03:56:02] [1] 1
INFO [2021-07-09 03:56:02] 
INFO [2021-07-09 03:56:02] $cat.fontface
INFO [2021-07-09 03:56:02] [1] 4
INFO [2021-07-09 03:56:02] 
INFO [2021-07-09 03:56:02] $filename
INFO [2021-07-09 03:56:02] K
INFO [2021-07-09 03:56:02] 
