INFO [2021-07-09 07:52:05] [[1]]
INFO [2021-07-09 07:52:05] venn_list
INFO [2021-07-09 07:52:05] 
INFO [2021-07-09 07:52:05] $fill
INFO [2021-07-09 07:52:05] c("red", "green")
INFO [2021-07-09 07:52:05] 
INFO [2021-07-09 07:52:05] $alpha
INFO [2021-07-09 07:52:05] [1] 0.5
INFO [2021-07-09 07:52:05] 
INFO [2021-07-09 07:52:05] $imagetype
INFO [2021-07-09 07:52:05] [1] "png"
INFO [2021-07-09 07:52:05] 
INFO [2021-07-09 07:52:05] $cex
INFO [2021-07-09 07:52:05] [1] 1
INFO [2021-07-09 07:52:05] 
INFO [2021-07-09 07:52:05] $cat.fontface
INFO [2021-07-09 07:52:05] [1] 4
INFO [2021-07-09 07:52:05] 
INFO [2021-07-09 07:52:05] $filename
INFO [2021-07-09 07:52:05] K
INFO [2021-07-09 07:52:05] 
