INFO [2021-07-09 09:01:59] [[1]]
INFO [2021-07-09 09:01:59] venn_list
INFO [2021-07-09 09:01:59] 
INFO [2021-07-09 09:01:59] $fill
INFO [2021-07-09 09:01:59] c("red", "green")
INFO [2021-07-09 09:01:59] 
INFO [2021-07-09 09:01:59] $alpha
INFO [2021-07-09 09:01:59] [1] 0.5
INFO [2021-07-09 09:01:59] 
INFO [2021-07-09 09:01:59] $imagetype
INFO [2021-07-09 09:01:59] [1] "png"
INFO [2021-07-09 09:01:59] 
INFO [2021-07-09 09:01:59] $cex
INFO [2021-07-09 09:01:59] [1] 1
INFO [2021-07-09 09:01:59] 
INFO [2021-07-09 09:01:59] $cat.fontface
INFO [2021-07-09 09:01:59] [1] 4
INFO [2021-07-09 09:01:59] 
INFO [2021-07-09 09:01:59] $filename
INFO [2021-07-09 09:01:59] K
INFO [2021-07-09 09:01:59] 
