INFO [2021-07-09 08:43:21] [[1]]
INFO [2021-07-09 08:43:21] venn_list
INFO [2021-07-09 08:43:21] 
INFO [2021-07-09 08:43:21] $fill
INFO [2021-07-09 08:43:21] c("red", "green")
INFO [2021-07-09 08:43:21] 
INFO [2021-07-09 08:43:21] $alpha
INFO [2021-07-09 08:43:21] [1] 0.5
INFO [2021-07-09 08:43:21] 
INFO [2021-07-09 08:43:21] $imagetype
INFO [2021-07-09 08:43:21] [1] "png"
INFO [2021-07-09 08:43:21] 
INFO [2021-07-09 08:43:21] $cex
INFO [2021-07-09 08:43:21] [1] 1
INFO [2021-07-09 08:43:21] 
INFO [2021-07-09 08:43:21] $cat.fontface
INFO [2021-07-09 08:43:21] [1] 4
INFO [2021-07-09 08:43:21] 
INFO [2021-07-09 08:43:21] $filename
INFO [2021-07-09 08:43:21] K
INFO [2021-07-09 08:43:21] 
