INFO [2021-07-09 13:21:49] [[1]]
INFO [2021-07-09 13:21:49] venn_list
INFO [2021-07-09 13:21:49] 
INFO [2021-07-09 13:21:49] $fill
INFO [2021-07-09 13:21:49] c("red", "green")
INFO [2021-07-09 13:21:49] 
INFO [2021-07-09 13:21:49] $alpha
INFO [2021-07-09 13:21:49] [1] 0.5
INFO [2021-07-09 13:21:49] 
INFO [2021-07-09 13:21:49] $imagetype
INFO [2021-07-09 13:21:49] [1] "png"
INFO [2021-07-09 13:21:49] 
INFO [2021-07-09 13:21:49] $cex
INFO [2021-07-09 13:21:49] [1] 1
INFO [2021-07-09 13:21:49] 
INFO [2021-07-09 13:21:49] $cat.fontface
INFO [2021-07-09 13:21:49] [1] 4
INFO [2021-07-09 13:21:49] 
INFO [2021-07-09 13:21:49] $filename
INFO [2021-07-09 13:21:49] K
INFO [2021-07-09 13:21:49] 
