INFO [2021-07-09 14:40:32] [[1]]
INFO [2021-07-09 14:40:32] venn_list
INFO [2021-07-09 14:40:32] 
INFO [2021-07-09 14:40:32] $fill
INFO [2021-07-09 14:40:32] c("red", "green")
INFO [2021-07-09 14:40:32] 
INFO [2021-07-09 14:40:32] $alpha
INFO [2021-07-09 14:40:32] [1] 0.5
INFO [2021-07-09 14:40:32] 
INFO [2021-07-09 14:40:32] $imagetype
INFO [2021-07-09 14:40:32] [1] "png"
INFO [2021-07-09 14:40:32] 
INFO [2021-07-09 14:40:32] $cex
INFO [2021-07-09 14:40:32] [1] 1
INFO [2021-07-09 14:40:32] 
INFO [2021-07-09 14:40:32] $cat.fontface
INFO [2021-07-09 14:40:32] [1] 4
INFO [2021-07-09 14:40:32] 
INFO [2021-07-09 14:40:32] $filename
INFO [2021-07-09 14:40:32] K
INFO [2021-07-09 14:40:32] 
