INFO [2021-07-09 14:15:56] [[1]]
INFO [2021-07-09 14:15:56] venn_list
INFO [2021-07-09 14:15:56] 
INFO [2021-07-09 14:15:56] $fill
INFO [2021-07-09 14:15:56] c("red", "green")
INFO [2021-07-09 14:15:56] 
INFO [2021-07-09 14:15:56] $alpha
INFO [2021-07-09 14:15:56] [1] 0.5
INFO [2021-07-09 14:15:56] 
INFO [2021-07-09 14:15:56] $imagetype
INFO [2021-07-09 14:15:56] [1] "png"
INFO [2021-07-09 14:15:56] 
INFO [2021-07-09 14:15:56] $cex
INFO [2021-07-09 14:15:56] [1] 1
INFO [2021-07-09 14:15:56] 
INFO [2021-07-09 14:15:56] $cat.fontface
INFO [2021-07-09 14:15:56] [1] 4
INFO [2021-07-09 14:15:56] 
INFO [2021-07-09 14:15:56] $filename
INFO [2021-07-09 14:15:56] K
INFO [2021-07-09 14:15:56] 
