INFO [2021-07-09 06:08:31] [[1]]
INFO [2021-07-09 06:08:31] venn_list
INFO [2021-07-09 06:08:31] 
INFO [2021-07-09 06:08:31] $fill
INFO [2021-07-09 06:08:31] c("red", "green")
INFO [2021-07-09 06:08:31] 
INFO [2021-07-09 06:08:31] $alpha
INFO [2021-07-09 06:08:31] [1] 0.5
INFO [2021-07-09 06:08:31] 
INFO [2021-07-09 06:08:31] $imagetype
INFO [2021-07-09 06:08:31] [1] "png"
INFO [2021-07-09 06:08:31] 
INFO [2021-07-09 06:08:31] $cex
INFO [2021-07-09 06:08:31] [1] 1
INFO [2021-07-09 06:08:31] 
INFO [2021-07-09 06:08:31] $cat.fontface
INFO [2021-07-09 06:08:31] [1] 4
INFO [2021-07-09 06:08:31] 
INFO [2021-07-09 06:08:31] $filename
INFO [2021-07-09 06:08:31] K
INFO [2021-07-09 06:08:31] 
