INFO [2021-07-10 02:57:37] [[1]]
INFO [2021-07-10 02:57:37] venn_list
INFO [2021-07-10 02:57:37] 
INFO [2021-07-10 02:57:37] $fill
INFO [2021-07-10 02:57:37] c("red", "green")
INFO [2021-07-10 02:57:37] 
INFO [2021-07-10 02:57:37] $alpha
INFO [2021-07-10 02:57:37] [1] 0.5
INFO [2021-07-10 02:57:37] 
INFO [2021-07-10 02:57:37] $imagetype
INFO [2021-07-10 02:57:37] [1] "png"
INFO [2021-07-10 02:57:37] 
INFO [2021-07-10 02:57:37] $cex
INFO [2021-07-10 02:57:37] [1] 1
INFO [2021-07-10 02:57:37] 
INFO [2021-07-10 02:57:37] $cat.fontface
INFO [2021-07-10 02:57:37] [1] 4
INFO [2021-07-10 02:57:37] 
INFO [2021-07-10 02:57:37] $filename
INFO [2021-07-10 02:57:37] K
INFO [2021-07-10 02:57:37] 
