INFO [2021-07-09 14:08:55] [[1]]
INFO [2021-07-09 14:08:55] venn_list
INFO [2021-07-09 14:08:55] 
INFO [2021-07-09 14:08:55] $fill
INFO [2021-07-09 14:08:55] c("red", "green")
INFO [2021-07-09 14:08:55] 
INFO [2021-07-09 14:08:55] $alpha
INFO [2021-07-09 14:08:55] [1] 0.5
INFO [2021-07-09 14:08:55] 
INFO [2021-07-09 14:08:55] $imagetype
INFO [2021-07-09 14:08:55] [1] "png"
INFO [2021-07-09 14:08:55] 
INFO [2021-07-09 14:08:55] $cex
INFO [2021-07-09 14:08:55] [1] 1
INFO [2021-07-09 14:08:55] 
INFO [2021-07-09 14:08:55] $cat.fontface
INFO [2021-07-09 14:08:55] [1] 4
INFO [2021-07-09 14:08:55] 
INFO [2021-07-09 14:08:55] $filename
INFO [2021-07-09 14:08:55] K
INFO [2021-07-09 14:08:55] 
