INFO [2021-07-09 08:03:29] [[1]]
INFO [2021-07-09 08:03:29] venn_list
INFO [2021-07-09 08:03:29] 
INFO [2021-07-09 08:03:29] $fill
INFO [2021-07-09 08:03:29] c("red", "green")
INFO [2021-07-09 08:03:29] 
INFO [2021-07-09 08:03:29] $alpha
INFO [2021-07-09 08:03:29] [1] 0.5
INFO [2021-07-09 08:03:29] 
INFO [2021-07-09 08:03:29] $imagetype
INFO [2021-07-09 08:03:29] [1] "png"
INFO [2021-07-09 08:03:29] 
INFO [2021-07-09 08:03:29] $cex
INFO [2021-07-09 08:03:29] [1] 1
INFO [2021-07-09 08:03:29] 
INFO [2021-07-09 08:03:29] $cat.fontface
INFO [2021-07-09 08:03:29] [1] 4
INFO [2021-07-09 08:03:29] 
INFO [2021-07-09 08:03:29] $filename
INFO [2021-07-09 08:03:29] K
INFO [2021-07-09 08:03:29] 
