INFO [2021-07-09 09:09:03] [[1]]
INFO [2021-07-09 09:09:03] venn_list
INFO [2021-07-09 09:09:03] 
INFO [2021-07-09 09:09:03] $fill
INFO [2021-07-09 09:09:03] c("red", "green")
INFO [2021-07-09 09:09:03] 
INFO [2021-07-09 09:09:03] $alpha
INFO [2021-07-09 09:09:03] [1] 0.5
INFO [2021-07-09 09:09:03] 
INFO [2021-07-09 09:09:03] $imagetype
INFO [2021-07-09 09:09:03] [1] "png"
INFO [2021-07-09 09:09:03] 
INFO [2021-07-09 09:09:03] $cex
INFO [2021-07-09 09:09:03] [1] 1
INFO [2021-07-09 09:09:03] 
INFO [2021-07-09 09:09:03] $cat.fontface
INFO [2021-07-09 09:09:03] [1] 4
INFO [2021-07-09 09:09:03] 
INFO [2021-07-09 09:09:03] $filename
INFO [2021-07-09 09:09:03] K
INFO [2021-07-09 09:09:03] 
