INFO [2021-07-09 09:26:43] [[1]]
INFO [2021-07-09 09:26:43] venn_list
INFO [2021-07-09 09:26:43] 
INFO [2021-07-09 09:26:43] $fill
INFO [2021-07-09 09:26:43] c("red", "green")
INFO [2021-07-09 09:26:43] 
INFO [2021-07-09 09:26:43] $alpha
INFO [2021-07-09 09:26:43] [1] 0.5
INFO [2021-07-09 09:26:43] 
INFO [2021-07-09 09:26:43] $imagetype
INFO [2021-07-09 09:26:43] [1] "png"
INFO [2021-07-09 09:26:43] 
INFO [2021-07-09 09:26:43] $cex
INFO [2021-07-09 09:26:43] [1] 1
INFO [2021-07-09 09:26:43] 
INFO [2021-07-09 09:26:43] $cat.fontface
INFO [2021-07-09 09:26:43] [1] 4
INFO [2021-07-09 09:26:43] 
INFO [2021-07-09 09:26:43] $filename
INFO [2021-07-09 09:26:43] K
INFO [2021-07-09 09:26:43] 
