INFO [2021-07-09 06:51:22] [[1]]
INFO [2021-07-09 06:51:22] venn_list
INFO [2021-07-09 06:51:22] 
INFO [2021-07-09 06:51:22] $fill
INFO [2021-07-09 06:51:22] c("red", "green")
INFO [2021-07-09 06:51:22] 
INFO [2021-07-09 06:51:22] $alpha
INFO [2021-07-09 06:51:22] [1] 0.5
INFO [2021-07-09 06:51:22] 
INFO [2021-07-09 06:51:22] $imagetype
INFO [2021-07-09 06:51:22] [1] "png"
INFO [2021-07-09 06:51:22] 
INFO [2021-07-09 06:51:22] $cex
INFO [2021-07-09 06:51:22] [1] 1
INFO [2021-07-09 06:51:22] 
INFO [2021-07-09 06:51:22] $cat.fontface
INFO [2021-07-09 06:51:22] [1] 4
INFO [2021-07-09 06:51:22] 
INFO [2021-07-09 06:51:22] $filename
INFO [2021-07-09 06:51:22] K
INFO [2021-07-09 06:51:22] 
