INFO [2021-07-09 10:14:20] [[1]]
INFO [2021-07-09 10:14:20] venn_list
INFO [2021-07-09 10:14:20] 
INFO [2021-07-09 10:14:20] $fill
INFO [2021-07-09 10:14:20] c("red", "green")
INFO [2021-07-09 10:14:20] 
INFO [2021-07-09 10:14:20] $alpha
INFO [2021-07-09 10:14:20] [1] 0.5
INFO [2021-07-09 10:14:20] 
INFO [2021-07-09 10:14:20] $imagetype
INFO [2021-07-09 10:14:20] [1] "png"
INFO [2021-07-09 10:14:20] 
INFO [2021-07-09 10:14:20] $cex
INFO [2021-07-09 10:14:20] [1] 1
INFO [2021-07-09 10:14:20] 
INFO [2021-07-09 10:14:20] $cat.fontface
INFO [2021-07-09 10:14:20] [1] 4
INFO [2021-07-09 10:14:20] 
INFO [2021-07-09 10:14:20] $filename
INFO [2021-07-09 10:14:20] K
INFO [2021-07-09 10:14:20] 
