INFO [2021-07-09 06:15:27] [[1]]
INFO [2021-07-09 06:15:27] venn_list
INFO [2021-07-09 06:15:27] 
INFO [2021-07-09 06:15:27] $fill
INFO [2021-07-09 06:15:27] c("red", "green")
INFO [2021-07-09 06:15:27] 
INFO [2021-07-09 06:15:27] $alpha
INFO [2021-07-09 06:15:27] [1] 0.5
INFO [2021-07-09 06:15:27] 
INFO [2021-07-09 06:15:27] $imagetype
INFO [2021-07-09 06:15:27] [1] "png"
INFO [2021-07-09 06:15:27] 
INFO [2021-07-09 06:15:27] $cex
INFO [2021-07-09 06:15:27] [1] 1
INFO [2021-07-09 06:15:27] 
INFO [2021-07-09 06:15:27] $cat.fontface
INFO [2021-07-09 06:15:27] [1] 4
INFO [2021-07-09 06:15:27] 
INFO [2021-07-09 06:15:27] $filename
INFO [2021-07-09 06:15:27] K
INFO [2021-07-09 06:15:27] 
