INFO [2021-07-09 09:27:54] [[1]]
INFO [2021-07-09 09:27:54] venn_list
INFO [2021-07-09 09:27:54] 
INFO [2021-07-09 09:27:54] $fill
INFO [2021-07-09 09:27:54] c("red", "green")
INFO [2021-07-09 09:27:54] 
INFO [2021-07-09 09:27:54] $alpha
INFO [2021-07-09 09:27:54] [1] 0.5
INFO [2021-07-09 09:27:54] 
INFO [2021-07-09 09:27:54] $imagetype
INFO [2021-07-09 09:27:54] [1] "png"
INFO [2021-07-09 09:27:54] 
INFO [2021-07-09 09:27:54] $cex
INFO [2021-07-09 09:27:54] [1] 1
INFO [2021-07-09 09:27:54] 
INFO [2021-07-09 09:27:54] $cat.fontface
INFO [2021-07-09 09:27:54] [1] 4
INFO [2021-07-09 09:27:54] 
INFO [2021-07-09 09:27:54] $filename
INFO [2021-07-09 09:27:54] K
INFO [2021-07-09 09:27:54] 
