INFO [2021-07-09 15:27:36] [[1]]
INFO [2021-07-09 15:27:36] venn_list
INFO [2021-07-09 15:27:36] 
INFO [2021-07-09 15:27:36] $fill
INFO [2021-07-09 15:27:36] c("red", "green")
INFO [2021-07-09 15:27:36] 
INFO [2021-07-09 15:27:36] $alpha
INFO [2021-07-09 15:27:36] [1] 0.5
INFO [2021-07-09 15:27:36] 
INFO [2021-07-09 15:27:36] $imagetype
INFO [2021-07-09 15:27:36] [1] "png"
INFO [2021-07-09 15:27:36] 
INFO [2021-07-09 15:27:36] $cex
INFO [2021-07-09 15:27:36] [1] 1
INFO [2021-07-09 15:27:36] 
INFO [2021-07-09 15:27:36] $cat.fontface
INFO [2021-07-09 15:27:36] [1] 4
INFO [2021-07-09 15:27:36] 
INFO [2021-07-09 15:27:36] $filename
INFO [2021-07-09 15:27:36] K
INFO [2021-07-09 15:27:36] 
