INFO [2021-07-09 13:41:07] [[1]]
INFO [2021-07-09 13:41:07] venn_list
INFO [2021-07-09 13:41:07] 
INFO [2021-07-09 13:41:07] $fill
INFO [2021-07-09 13:41:07] c("red", "green")
INFO [2021-07-09 13:41:07] 
INFO [2021-07-09 13:41:07] $alpha
INFO [2021-07-09 13:41:07] [1] 0.5
INFO [2021-07-09 13:41:07] 
INFO [2021-07-09 13:41:07] $imagetype
INFO [2021-07-09 13:41:07] [1] "png"
INFO [2021-07-09 13:41:07] 
INFO [2021-07-09 13:41:07] $cex
INFO [2021-07-09 13:41:07] [1] 1
INFO [2021-07-09 13:41:07] 
INFO [2021-07-09 13:41:07] $cat.fontface
INFO [2021-07-09 13:41:07] [1] 4
INFO [2021-07-09 13:41:07] 
INFO [2021-07-09 13:41:07] $filename
INFO [2021-07-09 13:41:07] K
INFO [2021-07-09 13:41:07] 
