INFO [2021-07-09 15:20:41] [[1]]
INFO [2021-07-09 15:20:41] venn_list
INFO [2021-07-09 15:20:41] 
INFO [2021-07-09 15:20:41] $fill
INFO [2021-07-09 15:20:41] c("red", "green")
INFO [2021-07-09 15:20:41] 
INFO [2021-07-09 15:20:41] $alpha
INFO [2021-07-09 15:20:41] [1] 0.5
INFO [2021-07-09 15:20:41] 
INFO [2021-07-09 15:20:41] $imagetype
INFO [2021-07-09 15:20:41] [1] "png"
INFO [2021-07-09 15:20:41] 
INFO [2021-07-09 15:20:41] $cex
INFO [2021-07-09 15:20:41] [1] 1
INFO [2021-07-09 15:20:41] 
INFO [2021-07-09 15:20:41] $cat.fontface
INFO [2021-07-09 15:20:41] [1] 4
INFO [2021-07-09 15:20:41] 
INFO [2021-07-09 15:20:41] $filename
INFO [2021-07-09 15:20:41] K
INFO [2021-07-09 15:20:41] 
