INFO [2021-07-09 14:28:12] [[1]]
INFO [2021-07-09 14:28:12] venn_list
INFO [2021-07-09 14:28:12] 
INFO [2021-07-09 14:28:12] $fill
INFO [2021-07-09 14:28:12] c("red", "green")
INFO [2021-07-09 14:28:12] 
INFO [2021-07-09 14:28:12] $alpha
INFO [2021-07-09 14:28:12] [1] 0.5
INFO [2021-07-09 14:28:12] 
INFO [2021-07-09 14:28:12] $imagetype
INFO [2021-07-09 14:28:12] [1] "png"
INFO [2021-07-09 14:28:12] 
INFO [2021-07-09 14:28:12] $cex
INFO [2021-07-09 14:28:12] [1] 1
INFO [2021-07-09 14:28:12] 
INFO [2021-07-09 14:28:12] $cat.fontface
INFO [2021-07-09 14:28:12] [1] 4
INFO [2021-07-09 14:28:12] 
INFO [2021-07-09 14:28:12] $filename
INFO [2021-07-09 14:28:12] K
INFO [2021-07-09 14:28:12] 
