INFO [2021-07-09 08:36:16] [[1]]
INFO [2021-07-09 08:36:16] venn_list
INFO [2021-07-09 08:36:16] 
INFO [2021-07-09 08:36:16] $fill
INFO [2021-07-09 08:36:16] c("red", "green")
INFO [2021-07-09 08:36:16] 
INFO [2021-07-09 08:36:16] $alpha
INFO [2021-07-09 08:36:16] [1] 0.5
INFO [2021-07-09 08:36:16] 
INFO [2021-07-09 08:36:16] $imagetype
INFO [2021-07-09 08:36:16] [1] "png"
INFO [2021-07-09 08:36:16] 
INFO [2021-07-09 08:36:16] $cex
INFO [2021-07-09 08:36:16] [1] 1
INFO [2021-07-09 08:36:16] 
INFO [2021-07-09 08:36:16] $cat.fontface
INFO [2021-07-09 08:36:16] [1] 4
INFO [2021-07-09 08:36:16] 
INFO [2021-07-09 08:36:16] $filename
INFO [2021-07-09 08:36:16] K
INFO [2021-07-09 08:36:16] 
