INFO [2021-07-09 09:38:33] [[1]]
INFO [2021-07-09 09:38:33] venn_list
INFO [2021-07-09 09:38:33] 
INFO [2021-07-09 09:38:33] $fill
INFO [2021-07-09 09:38:33] c("red", "green")
INFO [2021-07-09 09:38:33] 
INFO [2021-07-09 09:38:33] $alpha
INFO [2021-07-09 09:38:33] [1] 0.5
INFO [2021-07-09 09:38:33] 
INFO [2021-07-09 09:38:33] $imagetype
INFO [2021-07-09 09:38:33] [1] "png"
INFO [2021-07-09 09:38:33] 
INFO [2021-07-09 09:38:33] $cex
INFO [2021-07-09 09:38:33] [1] 1
INFO [2021-07-09 09:38:33] 
INFO [2021-07-09 09:38:33] $cat.fontface
INFO [2021-07-09 09:38:33] [1] 4
INFO [2021-07-09 09:38:33] 
INFO [2021-07-09 09:38:33] $filename
INFO [2021-07-09 09:38:33] K
INFO [2021-07-09 09:38:33] 
