INFO [2021-07-09 08:10:17] [[1]]
INFO [2021-07-09 08:10:17] venn_list
INFO [2021-07-09 08:10:17] 
INFO [2021-07-09 08:10:17] $fill
INFO [2021-07-09 08:10:17] c("red", "green")
INFO [2021-07-09 08:10:17] 
INFO [2021-07-09 08:10:17] $alpha
INFO [2021-07-09 08:10:17] [1] 0.5
INFO [2021-07-09 08:10:17] 
INFO [2021-07-09 08:10:17] $imagetype
INFO [2021-07-09 08:10:17] [1] "png"
INFO [2021-07-09 08:10:17] 
INFO [2021-07-09 08:10:17] $cex
INFO [2021-07-09 08:10:17] [1] 1
INFO [2021-07-09 08:10:17] 
INFO [2021-07-09 08:10:17] $cat.fontface
INFO [2021-07-09 08:10:17] [1] 4
INFO [2021-07-09 08:10:17] 
INFO [2021-07-09 08:10:17] $filename
INFO [2021-07-09 08:10:17] K
INFO [2021-07-09 08:10:17] 
