INFO [2021-07-09 10:10:50] [[1]]
INFO [2021-07-09 10:10:50] venn_list
INFO [2021-07-09 10:10:50] 
INFO [2021-07-09 10:10:50] $fill
INFO [2021-07-09 10:10:50] c("red", "green")
INFO [2021-07-09 10:10:50] 
INFO [2021-07-09 10:10:50] $alpha
INFO [2021-07-09 10:10:50] [1] 0.5
INFO [2021-07-09 10:10:50] 
INFO [2021-07-09 10:10:50] $imagetype
INFO [2021-07-09 10:10:50] [1] "png"
INFO [2021-07-09 10:10:50] 
INFO [2021-07-09 10:10:50] $cex
INFO [2021-07-09 10:10:50] [1] 1
INFO [2021-07-09 10:10:50] 
INFO [2021-07-09 10:10:50] $cat.fontface
INFO [2021-07-09 10:10:50] [1] 4
INFO [2021-07-09 10:10:50] 
INFO [2021-07-09 10:10:50] $filename
INFO [2021-07-09 10:10:50] K
INFO [2021-07-09 10:10:50] 
