INFO [2021-07-09 06:51:57] [[1]]
INFO [2021-07-09 06:51:57] venn_list
INFO [2021-07-09 06:51:57] 
INFO [2021-07-09 06:51:57] $fill
INFO [2021-07-09 06:51:57] c("red", "green")
INFO [2021-07-09 06:51:57] 
INFO [2021-07-09 06:51:57] $alpha
INFO [2021-07-09 06:51:57] [1] 0.5
INFO [2021-07-09 06:51:57] 
INFO [2021-07-09 06:51:57] $imagetype
INFO [2021-07-09 06:51:57] [1] "png"
INFO [2021-07-09 06:51:57] 
INFO [2021-07-09 06:51:57] $cex
INFO [2021-07-09 06:51:57] [1] 1
INFO [2021-07-09 06:51:57] 
INFO [2021-07-09 06:51:57] $cat.fontface
INFO [2021-07-09 06:51:57] [1] 4
INFO [2021-07-09 06:51:57] 
INFO [2021-07-09 06:51:57] $filename
INFO [2021-07-09 06:51:57] K
INFO [2021-07-09 06:51:57] 
