INFO [2021-07-09 07:51:13] [[1]]
INFO [2021-07-09 07:51:13] venn_list
INFO [2021-07-09 07:51:13] 
INFO [2021-07-09 07:51:13] $fill
INFO [2021-07-09 07:51:13] c("red", "green")
INFO [2021-07-09 07:51:13] 
INFO [2021-07-09 07:51:13] $alpha
INFO [2021-07-09 07:51:13] [1] 0.5
INFO [2021-07-09 07:51:13] 
INFO [2021-07-09 07:51:13] $imagetype
INFO [2021-07-09 07:51:13] [1] "png"
INFO [2021-07-09 07:51:13] 
INFO [2021-07-09 07:51:13] $cex
INFO [2021-07-09 07:51:13] [1] 1
INFO [2021-07-09 07:51:13] 
INFO [2021-07-09 07:51:13] $cat.fontface
INFO [2021-07-09 07:51:13] [1] 4
INFO [2021-07-09 07:51:13] 
INFO [2021-07-09 07:51:13] $filename
INFO [2021-07-09 07:51:13] K
INFO [2021-07-09 07:51:13] 
