INFO [2021-07-09 09:58:01] [[1]]
INFO [2021-07-09 09:58:01] venn_list
INFO [2021-07-09 09:58:01] 
INFO [2021-07-09 09:58:01] $fill
INFO [2021-07-09 09:58:01] c("red", "green")
INFO [2021-07-09 09:58:01] 
INFO [2021-07-09 09:58:01] $alpha
INFO [2021-07-09 09:58:01] [1] 0.5
INFO [2021-07-09 09:58:01] 
INFO [2021-07-09 09:58:01] $imagetype
INFO [2021-07-09 09:58:01] [1] "png"
INFO [2021-07-09 09:58:01] 
INFO [2021-07-09 09:58:01] $cex
INFO [2021-07-09 09:58:01] [1] 1
INFO [2021-07-09 09:58:01] 
INFO [2021-07-09 09:58:01] $cat.fontface
INFO [2021-07-09 09:58:01] [1] 4
INFO [2021-07-09 09:58:01] 
INFO [2021-07-09 09:58:01] $filename
INFO [2021-07-09 09:58:01] K
INFO [2021-07-09 09:58:01] 
