INFO [2021-07-09 14:52:44] [[1]]
INFO [2021-07-09 14:52:44] venn_list
INFO [2021-07-09 14:52:44] 
INFO [2021-07-09 14:52:44] $fill
INFO [2021-07-09 14:52:44] c("red", "green")
INFO [2021-07-09 14:52:44] 
INFO [2021-07-09 14:52:44] $alpha
INFO [2021-07-09 14:52:44] [1] 0.5
INFO [2021-07-09 14:52:44] 
INFO [2021-07-09 14:52:44] $imagetype
INFO [2021-07-09 14:52:44] [1] "png"
INFO [2021-07-09 14:52:44] 
INFO [2021-07-09 14:52:44] $cex
INFO [2021-07-09 14:52:44] [1] 1
INFO [2021-07-09 14:52:44] 
INFO [2021-07-09 14:52:44] $cat.fontface
INFO [2021-07-09 14:52:44] [1] 4
INFO [2021-07-09 14:52:44] 
INFO [2021-07-09 14:52:44] $filename
INFO [2021-07-09 14:52:44] K
INFO [2021-07-09 14:52:44] 
