INFO [2021-07-09 15:48:39] [[1]]
INFO [2021-07-09 15:48:39] venn_list
INFO [2021-07-09 15:48:39] 
INFO [2021-07-09 15:48:39] $fill
INFO [2021-07-09 15:48:39] c("red", "green")
INFO [2021-07-09 15:48:39] 
INFO [2021-07-09 15:48:39] $alpha
INFO [2021-07-09 15:48:39] [1] 0.5
INFO [2021-07-09 15:48:39] 
INFO [2021-07-09 15:48:39] $imagetype
INFO [2021-07-09 15:48:39] [1] "png"
INFO [2021-07-09 15:48:39] 
INFO [2021-07-09 15:48:39] $cex
INFO [2021-07-09 15:48:39] [1] 1
INFO [2021-07-09 15:48:39] 
INFO [2021-07-09 15:48:39] $cat.fontface
INFO [2021-07-09 15:48:39] [1] 4
INFO [2021-07-09 15:48:39] 
INFO [2021-07-09 15:48:39] $filename
INFO [2021-07-09 15:48:39] K
INFO [2021-07-09 15:48:39] 
