INFO [2021-07-09 15:33:45] [[1]]
INFO [2021-07-09 15:33:45] venn_list
INFO [2021-07-09 15:33:45] 
INFO [2021-07-09 15:33:45] $fill
INFO [2021-07-09 15:33:45] c("red", "green")
INFO [2021-07-09 15:33:45] 
INFO [2021-07-09 15:33:45] $alpha
INFO [2021-07-09 15:33:45] [1] 0.5
INFO [2021-07-09 15:33:45] 
INFO [2021-07-09 15:33:45] $imagetype
INFO [2021-07-09 15:33:45] [1] "png"
INFO [2021-07-09 15:33:45] 
INFO [2021-07-09 15:33:45] $cex
INFO [2021-07-09 15:33:45] [1] 1
INFO [2021-07-09 15:33:45] 
INFO [2021-07-09 15:33:45] $cat.fontface
INFO [2021-07-09 15:33:45] [1] 4
INFO [2021-07-09 15:33:45] 
INFO [2021-07-09 15:33:45] $filename
INFO [2021-07-09 15:33:45] K
INFO [2021-07-09 15:33:45] 
