INFO [2021-07-09 13:21:14] [[1]]
INFO [2021-07-09 13:21:14] venn_list
INFO [2021-07-09 13:21:14] 
INFO [2021-07-09 13:21:14] $fill
INFO [2021-07-09 13:21:14] c("red", "green")
INFO [2021-07-09 13:21:14] 
INFO [2021-07-09 13:21:14] $alpha
INFO [2021-07-09 13:21:14] [1] 0.5
INFO [2021-07-09 13:21:14] 
INFO [2021-07-09 13:21:14] $imagetype
INFO [2021-07-09 13:21:14] [1] "png"
INFO [2021-07-09 13:21:14] 
INFO [2021-07-09 13:21:14] $cex
INFO [2021-07-09 13:21:14] [1] 1
INFO [2021-07-09 13:21:14] 
INFO [2021-07-09 13:21:14] $cat.fontface
INFO [2021-07-09 13:21:14] [1] 4
INFO [2021-07-09 13:21:14] 
INFO [2021-07-09 13:21:14] $filename
INFO [2021-07-09 13:21:14] K
INFO [2021-07-09 13:21:14] 
